[debug] [2020-09-23T03:55:52.358Z] ----------------------------------------------------------------------
[debug] [2020-09-23T03:55:52.360Z] Command:       C:\Program Files\nodejs\node.exe C:\Users\MHP\AppData\Roaming\npm\node_modules\firebase-tools\lib\bin\firebase.js emulators:start
[debug] [2020-09-23T03:55:52.361Z] CLI Version:   8.10.0
[debug] [2020-09-23T03:55:52.361Z] Platform:      win32
[debug] [2020-09-23T03:55:52.361Z] Node Version:  v12.18.3
[debug] [2020-09-23T03:55:52.367Z] Time:          Wed Sep 23 2020 00:55:52 GMT-0300 (Atlantic Daylight Time)
[debug] [2020-09-23T03:55:52.367Z] ----------------------------------------------------------------------
[debug] [2020-09-23T03:55:52.367Z] 
[debug] [2020-09-23T03:55:52.399Z] > command requires scopes: ["email","openid","https://www.googleapis.com/auth/cloudplatformprojects.readonly","https://www.googleapis.com/auth/firebase","https://www.googleapis.com/auth/cloud-platform"]
[debug] [2020-09-23T03:55:52.401Z] > authorizing via signed-in user
[info] i  emulators: Starting emulators: functions, hosting {"metadata":{"emulator":{"name":"hub"},"message":"Starting emulators: functions, hosting"}}
[debug] [2020-09-23T03:55:53.456Z] [hub] writing locator at C:\Users\MHP\AppData\Local\Temp\hub-clone-da051.json
[warn] !  functions: The following emulators are not running, calls to these services from the Functions emulator will affect production: firestore, database, pubsub {"metadata":{"emulator":{"name":"functions"},"message":"The following emulators are not running, calls to these services from the Functions emulator will affect production: \u001b[1mfirestore, database, pubsub\u001b[22m"}}
[warn] !  Your requested "node" version "10" doesn't match your global version "12" {"metadata":{"emulator":{"name":"functions"},"message":"Your requested \"node\" version \"10\" doesn't match your global version \"12\""}}
[debug] [2020-09-23T03:55:54.532Z] defaultcredentials: writing to file C:\Users\MHP\AppData\Roaming\firebase\parastarmohammad_gmail_com_application_default_credentials.json
[debug] [2020-09-23T03:55:54.540Z] Setting GAC to C:\Users\MHP\AppData\Roaming\firebase\parastarmohammad_gmail_com_application_default_credentials.json {"metadata":{"emulator":{"name":"functions"},"message":"Setting GAC to C:\\Users\\MHP\\AppData\\Roaming\\firebase\\parastarmohammad_gmail_com_application_default_credentials.json"}}
[debug] [2020-09-23T03:55:55.569Z] >>> HTTP REQUEST GET https://firebase.googleapis.com/v1beta1/projects/clone-da051/webApps/-/config  
 
[debug] [2020-09-23T03:55:56.297Z] <<< HTTP RESPONSE 200 {"content-type":"application/json; charset=UTF-8","vary":"X-Origin, Referer, Origin,Accept-Encoding","date":"Wed, 23 Sep 2020 03:55:56 GMT","server":"ESF","cache-control":"private","x-xss-protection":"0","x-frame-options":"SAMEORIGIN","x-content-type-options":"nosniff","alt-svc":"h3-Q050=\":443\"; ma=2592000,h3-29=\":443\"; ma=2592000,h3-27=\":443\"; ma=2592000,h3-T051=\":443\"; ma=2592000,h3-T050=\":443\"; ma=2592000,h3-Q046=\":443\"; ma=2592000,h3-Q043=\":443\"; ma=2592000,quic=\":443\"; ma=2592000; v=\"46,43\"","accept-ranges":"none","transfer-encoding":"chunked"}
[info] i  hosting: Serving hosting files from: build {"metadata":{"emulator":{"name":"hosting"},"message":"Serving hosting files from: \u001b[1mbuild\u001b[22m"}}
[info] +  hosting: Local server: http://localhost:5000 {"metadata":{"emulator":{"name":"hosting"},"message":"Local server: \u001b[4m\u001b[1mhttp://localhost:5000\u001b[22m\u001b[24m"}}
[info] i  ui: downloading ui-v1.1.1.zip... {"metadata":{"emulator":{"name":"ui"},"message":"downloading ui-v1.1.1.zip..."}}
[debug] [2020-09-23T03:56:00.345Z] Ignoring unsupported arg: auto_download {"metadata":{"emulator":{"name":"ui"},"message":"Ignoring unsupported arg: auto_download"}}
[debug] [2020-09-23T03:56:00.345Z] Ignoring unsupported arg: port {"metadata":{"emulator":{"name":"ui"},"message":"Ignoring unsupported arg: port"}}
[debug] [2020-09-23T03:56:00.345Z] Starting Emulator UI with command {"binary":"node","args":["C:\\Users\\MHP\\.cache\\firebase\\emulators\\ui-v1.1.1\\server.bundle.js"],"optionalArgs":[],"joinArgs":false} {"metadata":{"emulator":{"name":"ui"},"message":"Starting Emulator UI with command {\"binary\":\"node\",\"args\":[\"C:\\\\Users\\\\MHP\\\\.cache\\\\firebase\\\\emulators\\\\ui-v1.1.1\\\\server.bundle.js\"],\"optionalArgs\":[],\"joinArgs\":false}"}}
[info] i  ui: Emulator UI logging to ui-debug.log {"metadata":{"emulator":{"name":"ui"},"message":"Emulator UI logging to \u001b[1mui-debug.log\u001b[22m"}}
[debug] [2020-09-23T03:56:00.687Z] Web / API server started at http://localhost:4000
 {"metadata":{"emulator":{"name":"ui"},"message":"Web / API server started at http://localhost:4000\n"}}
[info] i  functions: Watching "D:\dev\Webdev\Amazon-clone\amazon-clone\functions" for Cloud Functions... {"metadata":{"emulator":{"name":"functions"},"message":"Watching \"D:\\dev\\Webdev\\Amazon-clone\\amazon-clone\\functions\" for Cloud Functions..."}}
[debug] [2020-09-23T03:56:00.989Z] [worker-pool] addWorker(~diagnostic~) {"metadata":{"emulator":{"name":"functions"},"message":"[worker-pool] addWorker(~diagnostic~)"}}
[debug] [2020-09-23T03:56:00.989Z] [worker-pool] Adding worker with key ~diagnostic~, total=1 {"metadata":{"emulator":{"name":"functions"},"message":"[worker-pool] Adding worker with key ~diagnostic~, total=1"}}
[debug] [2020-09-23T03:56:00.990Z] [worker-pool] submitWork(triggerId=) {"metadata":{"emulator":{"name":"functions"},"message":"[worker-pool] submitWork(triggerId=)"}}
[debug] [2020-09-23T03:56:00.990Z] [worker-~diagnostic~-09dcda4b-6191-44dd-ace1-ec6feef2acbe]: Assigning socketPath: \\?\pipe\D:\dev\Webdev\Amazon-clone\amazon-clone\functions\16856 {"metadata":{"emulator":{"name":"functions"},"message":"[worker-~diagnostic~-09dcda4b-6191-44dd-ace1-ec6feef2acbe]: Assigning socketPath: \\\\?\\pipe\\D:\\dev\\Webdev\\Amazon-clone\\amazon-clone\\functions\\16856"}}
[debug] [2020-09-23T03:56:00.991Z] [worker-~diagnostic~-09dcda4b-6191-44dd-ace1-ec6feef2acbe]: BUSY {"metadata":{"emulator":{"name":"functions"},"message":"[worker-~diagnostic~-09dcda4b-6191-44dd-ace1-ec6feef2acbe]: BUSY"}}
[debug] [2020-09-23T03:56:03.339Z] [runtime-status] [16856] Functions runtime initialized. {"cwd":"D:\\dev\\Webdev\\Amazon-clone\\amazon-clone\\functions","node_version":"12.18.3"} {"metadata":{"emulator":{"name":"functions"},"message":"[runtime-status] [16856] Functions runtime initialized. {\"cwd\":\"D:\\\\dev\\\\Webdev\\\\Amazon-clone\\\\amazon-clone\\\\functions\",\"node_version\":\"12.18.3\"}"}}
[debug] [2020-09-23T03:56:03.345Z] [runtime-status] [16856] Disabled runtime features: undefined {"metadata":{"emulator":{"name":"functions"},"message":"[runtime-status] [16856] Disabled runtime features: undefined"}}
[debug] [2020-09-23T03:56:03.365Z] [runtime-status] [16856] Resolved module firebase-admin {"declared":true,"installed":true,"version":"8.13.0","resolution":"D:\\dev\\Webdev\\Amazon-clone\\amazon-clone\\functions\\node_modules\\firebase-admin\\lib\\index.js"} {"metadata":{"emulator":{"name":"functions"},"message":"[runtime-status] [16856] Resolved module firebase-admin {\"declared\":true,\"installed\":true,\"version\":\"8.13.0\",\"resolution\":\"D:\\\\dev\\\\Webdev\\\\Amazon-clone\\\\amazon-clone\\\\functions\\\\node_modules\\\\firebase-admin\\\\lib\\\\index.js\"}"}}
[debug] [2020-09-23T03:56:03.374Z] [runtime-status] [16856] Resolved module firebase-functions {"declared":true,"installed":true,"version":"3.11.0","resolution":"D:\\dev\\Webdev\\Amazon-clone\\amazon-clone\\functions\\node_modules\\firebase-functions\\lib\\index.js"} {"metadata":{"emulator":{"name":"functions"},"message":"[runtime-status] [16856] Resolved module firebase-functions {\"declared\":true,\"installed\":true,\"version\":\"3.11.0\",\"resolution\":\"D:\\\\dev\\\\Webdev\\\\Amazon-clone\\\\amazon-clone\\\\functions\\\\node_modules\\\\firebase-functions\\\\lib\\\\index.js\"}"}}
[debug] [2020-09-23T03:56:03.377Z] [runtime-status] [16856] Resolved module firebase-functions {"declared":true,"installed":true,"version":"3.11.0","resolution":"D:\\dev\\Webdev\\Amazon-clone\\amazon-clone\\functions\\node_modules\\firebase-functions\\lib\\index.js"} {"metadata":{"emulator":{"name":"functions"},"message":"[runtime-status] [16856] Resolved module firebase-functions {\"declared\":true,\"installed\":true,\"version\":\"3.11.0\",\"resolution\":\"D:\\\\dev\\\\Webdev\\\\Amazon-clone\\\\amazon-clone\\\\functions\\\\node_modules\\\\firebase-functions\\\\lib\\\\index.js\"}"}}
[debug] [2020-09-23T03:56:03.379Z] [runtime-status] [16856] Outgoing network have been stubbed. [{"name":"http","status":"mocked"},{"name":"http","status":"mocked"},{"name":"https","status":"mocked"},{"name":"https","status":"mocked"},{"name":"net","status":"mocked"}] {"metadata":{"emulator":{"name":"functions"},"message":"[runtime-status] [16856] Outgoing network have been stubbed. [{\"name\":\"http\",\"status\":\"mocked\"},{\"name\":\"http\",\"status\":\"mocked\"},{\"name\":\"https\",\"status\":\"mocked\"},{\"name\":\"https\",\"status\":\"mocked\"},{\"name\":\"net\",\"status\":\"mocked\"}]"}}
[debug] [2020-09-23T03:56:03.382Z] [runtime-status] [16856] Resolved module firebase-functions {"declared":true,"installed":true,"version":"3.11.0","resolution":"D:\\dev\\Webdev\\Amazon-clone\\amazon-clone\\functions\\node_modules\\firebase-functions\\lib\\index.js"} {"metadata":{"emulator":{"name":"functions"},"message":"[runtime-status] [16856] Resolved module firebase-functions {\"declared\":true,\"installed\":true,\"version\":\"3.11.0\",\"resolution\":\"D:\\\\dev\\\\Webdev\\\\Amazon-clone\\\\amazon-clone\\\\functions\\\\node_modules\\\\firebase-functions\\\\lib\\\\index.js\"}"}}
[debug] [2020-09-23T03:56:03.631Z] [runtime-status] [16856] Checked functions.config() {"config":{}} {"metadata":{"emulator":{"name":"functions"},"message":"[runtime-status] [16856] Checked functions.config() {\"config\":{}}"}}
[debug] [2020-09-23T03:56:03.632Z] [runtime-status] [16856] firebase-functions has been stubbed. {"functionsResolution":{"declared":true,"installed":true,"version":"3.11.0","resolution":"D:\\dev\\Webdev\\Amazon-clone\\amazon-clone\\functions\\node_modules\\firebase-functions\\lib\\index.js"}} {"metadata":{"emulator":{"name":"functions"},"message":"[runtime-status] [16856] firebase-functions has been stubbed. {\"functionsResolution\":{\"declared\":true,\"installed\":true,\"version\":\"3.11.0\",\"resolution\":\"D:\\\\dev\\\\Webdev\\\\Amazon-clone\\\\amazon-clone\\\\functions\\\\node_modules\\\\firebase-functions\\\\lib\\\\index.js\"}}"}}
[debug] [2020-09-23T03:56:03.634Z] [runtime-status] [16856] Resolved module firebase-functions {"declared":true,"installed":true,"version":"3.11.0","resolution":"D:\\dev\\Webdev\\Amazon-clone\\amazon-clone\\functions\\node_modules\\firebase-functions\\lib\\index.js"} {"metadata":{"emulator":{"name":"functions"},"message":"[runtime-status] [16856] Resolved module firebase-functions {\"declared\":true,\"installed\":true,\"version\":\"3.11.0\",\"resolution\":\"D:\\\\dev\\\\Webdev\\\\Amazon-clone\\\\amazon-clone\\\\functions\\\\node_modules\\\\firebase-functions\\\\lib\\\\index.js\"}"}}
[debug] [2020-09-23T03:56:03.639Z] [runtime-status] [16856] Resolved module firebase-admin {"declared":true,"installed":true,"version":"8.13.0","resolution":"D:\\dev\\Webdev\\Amazon-clone\\amazon-clone\\functions\\node_modules\\firebase-admin\\lib\\index.js"} {"metadata":{"emulator":{"name":"functions"},"message":"[runtime-status] [16856] Resolved module firebase-admin {\"declared\":true,\"installed\":true,\"version\":\"8.13.0\",\"resolution\":\"D:\\\\dev\\\\Webdev\\\\Amazon-clone\\\\amazon-clone\\\\functions\\\\node_modules\\\\firebase-admin\\\\lib\\\\index.js\"}"}}
[debug] [2020-09-23T03:56:03.643Z] [runtime-status] [16856] Resolved module firebase-functions {"declared":true,"installed":true,"version":"3.11.0","resolution":"D:\\dev\\Webdev\\Amazon-clone\\amazon-clone\\functions\\node_modules\\firebase-functions\\lib\\index.js"} {"metadata":{"emulator":{"name":"functions"},"message":"[runtime-status] [16856] Resolved module firebase-functions {\"declared\":true,\"installed\":true,\"version\":\"3.11.0\",\"resolution\":\"D:\\\\dev\\\\Webdev\\\\Amazon-clone\\\\amazon-clone\\\\functions\\\\node_modules\\\\firebase-functions\\\\lib\\\\index.js\"}"}}
[debug] [2020-09-23T03:56:03.644Z] [runtime-status] [16856] firebase-admin has been stubbed. {"adminResolution":{"declared":true,"installed":true,"version":"8.13.0","resolution":"D:\\dev\\Webdev\\Amazon-clone\\amazon-clone\\functions\\node_modules\\firebase-admin\\lib\\index.js"}} {"metadata":{"emulator":{"name":"functions"},"message":"[runtime-status] [16856] firebase-admin has been stubbed. {\"adminResolution\":{\"declared\":true,\"installed\":true,\"version\":\"8.13.0\",\"resolution\":\"D:\\\\dev\\\\Webdev\\\\Amazon-clone\\\\amazon-clone\\\\functions\\\\node_modules\\\\firebase-admin\\\\lib\\\\index.js\"}}"}}
[info] +  functions[api]: http function initialized (http://localhost:5001/clone-da051/us-central1/api). {"metadata":{"emulator":{"name":"functions"},"message":"\u001b[1mhttp\u001b[22m function initialized (http://localhost:5001/clone-da051/us-central1/api)."}}
[info] 
┌───────────────────────────────────────────────────────────────────────┐
│ ✔  All emulators ready! View status and logs at http://localhost:4000 │
└───────────────────────────────────────────────────────────────────────┘

┌───────────┬────────────────┬─────────────────────────────────┐
│ Emulator  │ Host:Port      │ View in Emulator UI             │
├───────────┼────────────────┼─────────────────────────────────┤
│ Functions │ localhost:5001 │ http://localhost:4000/functions │
├───────────┼────────────────┼─────────────────────────────────┤
│ Hosting   │ localhost:5000 │ n/a                             │
└───────────┴────────────────┴─────────────────────────────────┘
  Other reserved ports: 4400, 4500

Issues? Report them at https://github.com/firebase/firebase-tools/issues and attach the *-debug.log files.
 
[debug] [2020-09-23T03:56:04.909Z] [worker-~diagnostic~-09dcda4b-6191-44dd-ace1-ec6feef2acbe]: IDLE {"metadata":{"emulator":{"name":"functions"},"message":"[worker-~diagnostic~-09dcda4b-6191-44dd-ace1-ec6feef2acbe]: IDLE"}}
[debug] [2020-09-23T03:58:00.144Z] [work-queue] {"queueLength":1,"workRunningCount":0}
[debug] [2020-09-23T03:58:00.145Z] [work-queue] {"queueLength":0,"workRunningCount":1}
[debug] [2020-09-23T03:58:00.146Z] Accepted request GET /clone-da051/us-central1/api --> api
[debug] [2020-09-23T03:58:00.248Z] [worker-pool] addWorker(api) {"metadata":{"emulator":{"name":"functions"},"message":"[worker-pool] addWorker(api)"}}
[debug] [2020-09-23T03:58:00.249Z] [worker-pool] Adding worker with key api, total=1 {"metadata":{"emulator":{"name":"functions"},"message":"[worker-pool] Adding worker with key api, total=1"}}
[debug] [2020-09-23T03:58:00.249Z] [worker-pool] submitWork(triggerId=api) {"metadata":{"emulator":{"name":"functions"},"message":"[worker-pool] submitWork(triggerId=api)"}}
[debug] [2020-09-23T03:58:00.252Z] [worker-api-942cdf1d-4837-48ae-a072-e89c1cf414b7]: Assigning socketPath: \\?\pipe\D:\dev\Webdev\Amazon-clone\amazon-clone\functions\2648 {"metadata":{"emulator":{"name":"functions"},"message":"[worker-api-942cdf1d-4837-48ae-a072-e89c1cf414b7]: Assigning socketPath: \\\\?\\pipe\\D:\\dev\\Webdev\\Amazon-clone\\amazon-clone\\functions\\2648"}}
[debug] [2020-09-23T03:58:00.253Z] [worker-api-942cdf1d-4837-48ae-a072-e89c1cf414b7]: BUSY {"metadata":{"emulator":{"name":"functions"},"message":"[worker-api-942cdf1d-4837-48ae-a072-e89c1cf414b7]: BUSY"}}
[debug] [2020-09-23T03:58:02.944Z] [runtime-status] [2648] Functions runtime initialized. {"cwd":"D:\\dev\\Webdev\\Amazon-clone\\amazon-clone\\functions","node_version":"12.18.3"} {"metadata":{"emulator":{"name":"functions"},"function":{"name":"api"},"message":"[runtime-status] [2648] Functions runtime initialized. {\"cwd\":\"D:\\\\dev\\\\Webdev\\\\Amazon-clone\\\\amazon-clone\\\\functions\",\"node_version\":\"12.18.3\"}"}}
[debug] [2020-09-23T03:58:02.952Z] [runtime-status] [2648] Disabled runtime features: undefined {"metadata":{"emulator":{"name":"functions"},"function":{"name":"api"},"message":"[runtime-status] [2648] Disabled runtime features: undefined"}}
[debug] [2020-09-23T03:58:02.972Z] [runtime-status] [2648] Resolved module firebase-admin {"declared":true,"installed":true,"version":"8.13.0","resolution":"D:\\dev\\Webdev\\Amazon-clone\\amazon-clone\\functions\\node_modules\\firebase-admin\\lib\\index.js"} {"metadata":{"emulator":{"name":"functions"},"function":{"name":"api"},"message":"[runtime-status] [2648] Resolved module firebase-admin {\"declared\":true,\"installed\":true,\"version\":\"8.13.0\",\"resolution\":\"D:\\\\dev\\\\Webdev\\\\Amazon-clone\\\\amazon-clone\\\\functions\\\\node_modules\\\\firebase-admin\\\\lib\\\\index.js\"}"}}
[debug] [2020-09-23T03:58:02.982Z] [runtime-status] [2648] Resolved module firebase-functions {"declared":true,"installed":true,"version":"3.11.0","resolution":"D:\\dev\\Webdev\\Amazon-clone\\amazon-clone\\functions\\node_modules\\firebase-functions\\lib\\index.js"} {"metadata":{"emulator":{"name":"functions"},"function":{"name":"api"},"message":"[runtime-status] [2648] Resolved module firebase-functions {\"declared\":true,\"installed\":true,\"version\":\"3.11.0\",\"resolution\":\"D:\\\\dev\\\\Webdev\\\\Amazon-clone\\\\amazon-clone\\\\functions\\\\node_modules\\\\firebase-functions\\\\lib\\\\index.js\"}"}}
[debug] [2020-09-23T03:58:02.986Z] [runtime-status] [2648] Resolved module firebase-functions {"declared":true,"installed":true,"version":"3.11.0","resolution":"D:\\dev\\Webdev\\Amazon-clone\\amazon-clone\\functions\\node_modules\\firebase-functions\\lib\\index.js"} {"metadata":{"emulator":{"name":"functions"},"function":{"name":"api"},"message":"[runtime-status] [2648] Resolved module firebase-functions {\"declared\":true,\"installed\":true,\"version\":\"3.11.0\",\"resolution\":\"D:\\\\dev\\\\Webdev\\\\Amazon-clone\\\\amazon-clone\\\\functions\\\\node_modules\\\\firebase-functions\\\\lib\\\\index.js\"}"}}
[debug] [2020-09-23T03:58:02.989Z] [runtime-status] [2648] Outgoing network have been stubbed. [{"name":"http","status":"mocked"},{"name":"http","status":"mocked"},{"name":"https","status":"mocked"},{"name":"https","status":"mocked"},{"name":"net","status":"mocked"}] {"metadata":{"emulator":{"name":"functions"},"function":{"name":"api"},"message":"[runtime-status] [2648] Outgoing network have been stubbed. [{\"name\":\"http\",\"status\":\"mocked\"},{\"name\":\"http\",\"status\":\"mocked\"},{\"name\":\"https\",\"status\":\"mocked\"},{\"name\":\"https\",\"status\":\"mocked\"},{\"name\":\"net\",\"status\":\"mocked\"}]"}}
[debug] [2020-09-23T03:58:02.990Z] [runtime-status] [2648] Resolved module firebase-functions {"declared":true,"installed":true,"version":"3.11.0","resolution":"D:\\dev\\Webdev\\Amazon-clone\\amazon-clone\\functions\\node_modules\\firebase-functions\\lib\\index.js"} {"metadata":{"emulator":{"name":"functions"},"function":{"name":"api"},"message":"[runtime-status] [2648] Resolved module firebase-functions {\"declared\":true,\"installed\":true,\"version\":\"3.11.0\",\"resolution\":\"D:\\\\dev\\\\Webdev\\\\Amazon-clone\\\\amazon-clone\\\\functions\\\\node_modules\\\\firebase-functions\\\\lib\\\\index.js\"}"}}
[debug] [2020-09-23T03:58:03.197Z] [runtime-status] [2648] Checked functions.config() {"config":{}} {"metadata":{"emulator":{"name":"functions"},"function":{"name":"api"},"message":"[runtime-status] [2648] Checked functions.config() {\"config\":{}}"}}
[debug] [2020-09-23T03:58:03.197Z] [runtime-status] [2648] firebase-functions has been stubbed. {"functionsResolution":{"declared":true,"installed":true,"version":"3.11.0","resolution":"D:\\dev\\Webdev\\Amazon-clone\\amazon-clone\\functions\\node_modules\\firebase-functions\\lib\\index.js"}} {"metadata":{"emulator":{"name":"functions"},"function":{"name":"api"},"message":"[runtime-status] [2648] firebase-functions has been stubbed. {\"functionsResolution\":{\"declared\":true,\"installed\":true,\"version\":\"3.11.0\",\"resolution\":\"D:\\\\dev\\\\Webdev\\\\Amazon-clone\\\\amazon-clone\\\\functions\\\\node_modules\\\\firebase-functions\\\\lib\\\\index.js\"}}"}}
[debug] [2020-09-23T03:58:03.200Z] [runtime-status] [2648] Resolved module firebase-functions {"declared":true,"installed":true,"version":"3.11.0","resolution":"D:\\dev\\Webdev\\Amazon-clone\\amazon-clone\\functions\\node_modules\\firebase-functions\\lib\\index.js"} {"metadata":{"emulator":{"name":"functions"},"function":{"name":"api"},"message":"[runtime-status] [2648] Resolved module firebase-functions {\"declared\":true,\"installed\":true,\"version\":\"3.11.0\",\"resolution\":\"D:\\\\dev\\\\Webdev\\\\Amazon-clone\\\\amazon-clone\\\\functions\\\\node_modules\\\\firebase-functions\\\\lib\\\\index.js\"}"}}
[debug] [2020-09-23T03:58:03.205Z] [runtime-status] [2648] Resolved module firebase-admin {"declared":true,"installed":true,"version":"8.13.0","resolution":"D:\\dev\\Webdev\\Amazon-clone\\amazon-clone\\functions\\node_modules\\firebase-admin\\lib\\index.js"} {"metadata":{"emulator":{"name":"functions"},"function":{"name":"api"},"message":"[runtime-status] [2648] Resolved module firebase-admin {\"declared\":true,\"installed\":true,\"version\":\"8.13.0\",\"resolution\":\"D:\\\\dev\\\\Webdev\\\\Amazon-clone\\\\amazon-clone\\\\functions\\\\node_modules\\\\firebase-admin\\\\lib\\\\index.js\"}"}}
[debug] [2020-09-23T03:58:03.208Z] [runtime-status] [2648] Resolved module firebase-functions {"declared":true,"installed":true,"version":"3.11.0","resolution":"D:\\dev\\Webdev\\Amazon-clone\\amazon-clone\\functions\\node_modules\\firebase-functions\\lib\\index.js"} {"metadata":{"emulator":{"name":"functions"},"function":{"name":"api"},"message":"[runtime-status] [2648] Resolved module firebase-functions {\"declared\":true,\"installed\":true,\"version\":\"3.11.0\",\"resolution\":\"D:\\\\dev\\\\Webdev\\\\Amazon-clone\\\\amazon-clone\\\\functions\\\\node_modules\\\\firebase-functions\\\\lib\\\\index.js\"}"}}
[debug] [2020-09-23T03:58:03.208Z] [runtime-status] [2648] firebase-admin has been stubbed. {"adminResolution":{"declared":true,"installed":true,"version":"8.13.0","resolution":"D:\\dev\\Webdev\\Amazon-clone\\amazon-clone\\functions\\node_modules\\firebase-admin\\lib\\index.js"}} {"metadata":{"emulator":{"name":"functions"},"function":{"name":"api"},"message":"[runtime-status] [2648] firebase-admin has been stubbed. {\"adminResolution\":{\"declared\":true,\"installed\":true,\"version\":\"8.13.0\",\"resolution\":\"D:\\\\dev\\\\Webdev\\\\Amazon-clone\\\\amazon-clone\\\\functions\\\\node_modules\\\\firebase-admin\\\\lib\\\\index.js\"}}"}}
[debug] [2020-09-23T03:58:04.344Z] [runtime-status] [2648] Trigger "api" has been found, beginning invocation! {"metadata":{"emulator":{"name":"functions"},"function":{"name":"api"},"message":"[runtime-status] [2648] Trigger \"api\" has been found, beginning invocation!"}}
[info] i  functions: Beginning execution of "api" {"metadata":{"emulator":{"name":"functions"},"function":{"name":"api"},"message":"Beginning execution of \"api\""}}
[debug] [2020-09-23T03:58:04.349Z] [runtime-status] [2648] triggerDefinition {"httpsTrigger":{},"name":"api","entryPoint":"api"} {"metadata":{"emulator":{"name":"functions"},"function":{"name":"api"},"message":"[runtime-status] [2648] triggerDefinition {\"httpsTrigger\":{},\"name\":\"api\",\"entryPoint\":\"api\"}"}}
[debug] [2020-09-23T03:58:04.349Z] [runtime-status] [2648] Running api in mode HTTPS {"metadata":{"emulator":{"name":"functions"},"function":{"name":"api"},"message":"[runtime-status] [2648] Running api in mode HTTPS"}}
[debug] [2020-09-23T03:58:04.360Z] [runtime-status] [2648] Attempting to listen to socketPath: \\?\pipe\D:\dev\Webdev\Amazon-clone\amazon-clone\functions\2648 {"metadata":{"emulator":{"name":"functions"},"function":{"name":"api"},"message":"[runtime-status] [2648] Attempting to listen to socketPath: \\\\?\\pipe\\D:\\dev\\Webdev\\Amazon-clone\\amazon-clone\\functions\\2648"}}
[debug] [2020-09-23T03:58:04.373Z] [functions] Runtime ready! Sending request! {"metadata":{"emulator":{"name":"functions"},"message":"[functions] Runtime ready! Sending request!"}}
[debug] [2020-09-23T03:58:04.397Z] [runtime-status] [2648] Ephemeral server handling GET request {"metadata":{"emulator":{"name":"functions"},"function":{"name":"api"},"message":"[runtime-status] [2648] Ephemeral server handling GET request"}}
[debug] [2020-09-23T03:58:04.417Z] [runtime-status] [2648] Ephemeral server survived. {"metadata":{"emulator":{"name":"functions"},"function":{"name":"api"},"message":"[runtime-status] [2648] Ephemeral server survived."}}
[info] i  functions: Finished "api" in ~1s {"metadata":{"emulator":{"name":"functions"},"function":{"name":"api"},"message":"Finished \"api\" in ~1s"}}
[debug] [2020-09-23T03:58:04.423Z] [worker-api-942cdf1d-4837-48ae-a072-e89c1cf414b7]: IDLE {"metadata":{"emulator":{"name":"functions"},"message":"[worker-api-942cdf1d-4837-48ae-a072-e89c1cf414b7]: IDLE"}}
[debug] [2020-09-23T03:58:04.424Z] [work-queue] {"queueLength":0,"workRunningCount":0}
[debug] [2020-09-23T03:58:04.879Z] Functions emulator received unknown request at path /favicon.ico
[debug] [2020-09-23T04:04:23.824Z] File D:\dev\Webdev\Amazon-clone\amazon-clone\functions\index.js changed, reloading triggers {"metadata":{"emulator":{"name":"functions"},"message":"File D:\\dev\\Webdev\\Amazon-clone\\amazon-clone\\functions\\index.js changed, reloading triggers"}}
[debug] [2020-09-23T04:04:24.827Z] [worker-pool] Shutting down IDLE worker (~diagnostic~) {"metadata":{"emulator":{"name":"functions"},"message":"[worker-pool] Shutting down IDLE worker (~diagnostic~)"}}
[debug] [2020-09-23T04:04:24.827Z] [worker-~diagnostic~-09dcda4b-6191-44dd-ace1-ec6feef2acbe]: FINISHING {"metadata":{"emulator":{"name":"functions"},"message":"[worker-~diagnostic~-09dcda4b-6191-44dd-ace1-ec6feef2acbe]: FINISHING"}}
[debug] [2020-09-23T04:04:24.828Z] [worker-pool] Shutting down IDLE worker (api) {"metadata":{"emulator":{"name":"functions"},"message":"[worker-pool] Shutting down IDLE worker (api)"}}
[debug] [2020-09-23T04:04:24.828Z] [worker-api-942cdf1d-4837-48ae-a072-e89c1cf414b7]: FINISHING {"metadata":{"emulator":{"name":"functions"},"message":"[worker-api-942cdf1d-4837-48ae-a072-e89c1cf414b7]: FINISHING"}}
[debug] [2020-09-23T04:04:24.873Z] [worker-pool] addWorker(~diagnostic~) {"metadata":{"emulator":{"name":"functions"},"message":"[worker-pool] addWorker(~diagnostic~)"}}
[debug] [2020-09-23T04:04:24.873Z] [worker-pool] Adding worker with key ~diagnostic~, total=2 {"metadata":{"emulator":{"name":"functions"},"message":"[worker-pool] Adding worker with key ~diagnostic~, total=2"}}
[debug] [2020-09-23T04:04:24.873Z] [worker-pool] submitWork(triggerId=) {"metadata":{"emulator":{"name":"functions"},"message":"[worker-pool] submitWork(triggerId=)"}}
[debug] [2020-09-23T04:04:24.874Z] [worker-~diagnostic~-4de93cc7-3967-4e22-a874-172fcf37aba3]: Assigning socketPath: \\?\pipe\D:\dev\Webdev\Amazon-clone\amazon-clone\functions\2108 {"metadata":{"emulator":{"name":"functions"},"message":"[worker-~diagnostic~-4de93cc7-3967-4e22-a874-172fcf37aba3]: Assigning socketPath: \\\\?\\pipe\\D:\\dev\\Webdev\\Amazon-clone\\amazon-clone\\functions\\2108"}}
[debug] [2020-09-23T04:04:24.874Z] [worker-~diagnostic~-4de93cc7-3967-4e22-a874-172fcf37aba3]: BUSY {"metadata":{"emulator":{"name":"functions"},"message":"[worker-~diagnostic~-4de93cc7-3967-4e22-a874-172fcf37aba3]: BUSY"}}
[debug] [2020-09-23T04:04:24.876Z] [worker-~diagnostic~-09dcda4b-6191-44dd-ace1-ec6feef2acbe]: exited {"metadata":{"emulator":{"name":"functions"},"message":"[worker-~diagnostic~-09dcda4b-6191-44dd-ace1-ec6feef2acbe]: exited"}}
[debug] [2020-09-23T04:04:24.876Z] [worker-~diagnostic~-09dcda4b-6191-44dd-ace1-ec6feef2acbe]: FINISHED {"metadata":{"emulator":{"name":"functions"},"message":"[worker-~diagnostic~-09dcda4b-6191-44dd-ace1-ec6feef2acbe]: FINISHED"}}
[debug] [2020-09-23T04:04:24.877Z] [worker-api-942cdf1d-4837-48ae-a072-e89c1cf414b7]: exited {"metadata":{"emulator":{"name":"functions"},"message":"[worker-api-942cdf1d-4837-48ae-a072-e89c1cf414b7]: exited"}}
[debug] [2020-09-23T04:04:24.877Z] [worker-api-942cdf1d-4837-48ae-a072-e89c1cf414b7]: FINISHED {"metadata":{"emulator":{"name":"functions"},"message":"[worker-api-942cdf1d-4837-48ae-a072-e89c1cf414b7]: FINISHED"}}
[debug] [2020-09-23T04:04:27.817Z] [runtime-status] [2108] Functions runtime initialized. {"cwd":"D:\\dev\\Webdev\\Amazon-clone\\amazon-clone\\functions","node_version":"12.18.3"} {"metadata":{"emulator":{"name":"functions"},"message":"[runtime-status] [2108] Functions runtime initialized. {\"cwd\":\"D:\\\\dev\\\\Webdev\\\\Amazon-clone\\\\amazon-clone\\\\functions\",\"node_version\":\"12.18.3\"}"}}
[debug] [2020-09-23T04:04:27.825Z] [runtime-status] [2108] Disabled runtime features: undefined {"metadata":{"emulator":{"name":"functions"},"message":"[runtime-status] [2108] Disabled runtime features: undefined"}}
[debug] [2020-09-23T04:04:27.868Z] [runtime-status] [2108] Resolved module firebase-admin {"declared":true,"installed":true,"version":"8.13.0","resolution":"D:\\dev\\Webdev\\Amazon-clone\\amazon-clone\\functions\\node_modules\\firebase-admin\\lib\\index.js"} {"metadata":{"emulator":{"name":"functions"},"message":"[runtime-status] [2108] Resolved module firebase-admin {\"declared\":true,\"installed\":true,\"version\":\"8.13.0\",\"resolution\":\"D:\\\\dev\\\\Webdev\\\\Amazon-clone\\\\amazon-clone\\\\functions\\\\node_modules\\\\firebase-admin\\\\lib\\\\index.js\"}"}}
[debug] [2020-09-23T04:04:27.885Z] [runtime-status] [2108] Resolved module firebase-functions {"declared":true,"installed":true,"version":"3.11.0","resolution":"D:\\dev\\Webdev\\Amazon-clone\\amazon-clone\\functions\\node_modules\\firebase-functions\\lib\\index.js"} {"metadata":{"emulator":{"name":"functions"},"message":"[runtime-status] [2108] Resolved module firebase-functions {\"declared\":true,\"installed\":true,\"version\":\"3.11.0\",\"resolution\":\"D:\\\\dev\\\\Webdev\\\\Amazon-clone\\\\amazon-clone\\\\functions\\\\node_modules\\\\firebase-functions\\\\lib\\\\index.js\"}"}}
[debug] [2020-09-23T04:04:27.888Z] [runtime-status] [2108] Resolved module firebase-functions {"declared":true,"installed":true,"version":"3.11.0","resolution":"D:\\dev\\Webdev\\Amazon-clone\\amazon-clone\\functions\\node_modules\\firebase-functions\\lib\\index.js"} {"metadata":{"emulator":{"name":"functions"},"message":"[runtime-status] [2108] Resolved module firebase-functions {\"declared\":true,\"installed\":true,\"version\":\"3.11.0\",\"resolution\":\"D:\\\\dev\\\\Webdev\\\\Amazon-clone\\\\amazon-clone\\\\functions\\\\node_modules\\\\firebase-functions\\\\lib\\\\index.js\"}"}}
[debug] [2020-09-23T04:04:27.891Z] [runtime-status] [2108] Outgoing network have been stubbed. [{"name":"http","status":"mocked"},{"name":"http","status":"mocked"},{"name":"https","status":"mocked"},{"name":"https","status":"mocked"},{"name":"net","status":"mocked"}] {"metadata":{"emulator":{"name":"functions"},"message":"[runtime-status] [2108] Outgoing network have been stubbed. [{\"name\":\"http\",\"status\":\"mocked\"},{\"name\":\"http\",\"status\":\"mocked\"},{\"name\":\"https\",\"status\":\"mocked\"},{\"name\":\"https\",\"status\":\"mocked\"},{\"name\":\"net\",\"status\":\"mocked\"}]"}}
[debug] [2020-09-23T04:04:27.894Z] [runtime-status] [2108] Resolved module firebase-functions {"declared":true,"installed":true,"version":"3.11.0","resolution":"D:\\dev\\Webdev\\Amazon-clone\\amazon-clone\\functions\\node_modules\\firebase-functions\\lib\\index.js"} {"metadata":{"emulator":{"name":"functions"},"message":"[runtime-status] [2108] Resolved module firebase-functions {\"declared\":true,\"installed\":true,\"version\":\"3.11.0\",\"resolution\":\"D:\\\\dev\\\\Webdev\\\\Amazon-clone\\\\amazon-clone\\\\functions\\\\node_modules\\\\firebase-functions\\\\lib\\\\index.js\"}"}}
[debug] [2020-09-23T04:04:28.202Z] [runtime-status] [2108] Checked functions.config() {"config":{}} {"metadata":{"emulator":{"name":"functions"},"message":"[runtime-status] [2108] Checked functions.config() {\"config\":{}}"}}
[debug] [2020-09-23T04:04:28.203Z] [runtime-status] [2108] firebase-functions has been stubbed. {"functionsResolution":{"declared":true,"installed":true,"version":"3.11.0","resolution":"D:\\dev\\Webdev\\Amazon-clone\\amazon-clone\\functions\\node_modules\\firebase-functions\\lib\\index.js"}} {"metadata":{"emulator":{"name":"functions"},"message":"[runtime-status] [2108] firebase-functions has been stubbed. {\"functionsResolution\":{\"declared\":true,\"installed\":true,\"version\":\"3.11.0\",\"resolution\":\"D:\\\\dev\\\\Webdev\\\\Amazon-clone\\\\amazon-clone\\\\functions\\\\node_modules\\\\firebase-functions\\\\lib\\\\index.js\"}}"}}
[debug] [2020-09-23T04:04:28.206Z] [runtime-status] [2108] Resolved module firebase-functions {"declared":true,"installed":true,"version":"3.11.0","resolution":"D:\\dev\\Webdev\\Amazon-clone\\amazon-clone\\functions\\node_modules\\firebase-functions\\lib\\index.js"} {"metadata":{"emulator":{"name":"functions"},"message":"[runtime-status] [2108] Resolved module firebase-functions {\"declared\":true,\"installed\":true,\"version\":\"3.11.0\",\"resolution\":\"D:\\\\dev\\\\Webdev\\\\Amazon-clone\\\\amazon-clone\\\\functions\\\\node_modules\\\\firebase-functions\\\\lib\\\\index.js\"}"}}
[debug] [2020-09-23T04:04:28.222Z] [runtime-status] [2108] Resolved module firebase-admin {"declared":true,"installed":true,"version":"8.13.0","resolution":"D:\\dev\\Webdev\\Amazon-clone\\amazon-clone\\functions\\node_modules\\firebase-admin\\lib\\index.js"} {"metadata":{"emulator":{"name":"functions"},"message":"[runtime-status] [2108] Resolved module firebase-admin {\"declared\":true,\"installed\":true,\"version\":\"8.13.0\",\"resolution\":\"D:\\\\dev\\\\Webdev\\\\Amazon-clone\\\\amazon-clone\\\\functions\\\\node_modules\\\\firebase-admin\\\\lib\\\\index.js\"}"}}
[debug] [2020-09-23T04:04:28.238Z] [runtime-status] [2108] Resolved module firebase-functions {"declared":true,"installed":true,"version":"3.11.0","resolution":"D:\\dev\\Webdev\\Amazon-clone\\amazon-clone\\functions\\node_modules\\firebase-functions\\lib\\index.js"} {"metadata":{"emulator":{"name":"functions"},"message":"[runtime-status] [2108] Resolved module firebase-functions {\"declared\":true,\"installed\":true,\"version\":\"3.11.0\",\"resolution\":\"D:\\\\dev\\\\Webdev\\\\Amazon-clone\\\\amazon-clone\\\\functions\\\\node_modules\\\\firebase-functions\\\\lib\\\\index.js\"}"}}
[debug] [2020-09-23T04:04:28.240Z] [runtime-status] [2108] firebase-admin has been stubbed. {"adminResolution":{"declared":true,"installed":true,"version":"8.13.0","resolution":"D:\\dev\\Webdev\\Amazon-clone\\amazon-clone\\functions\\node_modules\\firebase-admin\\lib\\index.js"}} {"metadata":{"emulator":{"name":"functions"},"message":"[runtime-status] [2108] firebase-admin has been stubbed. {\"adminResolution\":{\"declared\":true,\"installed\":true,\"version\":\"8.13.0\",\"resolution\":\"D:\\\\dev\\\\Webdev\\\\Amazon-clone\\\\amazon-clone\\\\functions\\\\node_modules\\\\firebase-admin\\\\lib\\\\index.js\"}}"}}
[debug] [2020-09-23T04:04:30.387Z] [worker-~diagnostic~-4de93cc7-3967-4e22-a874-172fcf37aba3]: IDLE {"metadata":{"emulator":{"name":"functions"},"message":"[worker-~diagnostic~-4de93cc7-3967-4e22-a874-172fcf37aba3]: IDLE"}}
[debug] [2020-09-23T04:13:15.624Z] File D:\dev\Webdev\Amazon-clone\amazon-clone\functions\index.js changed, reloading triggers {"metadata":{"emulator":{"name":"functions"},"message":"File D:\\dev\\Webdev\\Amazon-clone\\amazon-clone\\functions\\index.js changed, reloading triggers"}}
[debug] [2020-09-23T04:13:16.625Z] [worker-pool] Shutting down IDLE worker (~diagnostic~) {"metadata":{"emulator":{"name":"functions"},"message":"[worker-pool] Shutting down IDLE worker (~diagnostic~)"}}
[debug] [2020-09-23T04:13:16.626Z] [worker-~diagnostic~-4de93cc7-3967-4e22-a874-172fcf37aba3]: FINISHING {"metadata":{"emulator":{"name":"functions"},"message":"[worker-~diagnostic~-4de93cc7-3967-4e22-a874-172fcf37aba3]: FINISHING"}}
[debug] [2020-09-23T04:13:16.626Z] [worker-pool] Cleaned up workers for ~diagnostic~: 2 --> 1 {"metadata":{"emulator":{"name":"functions"},"message":"[worker-pool] Cleaned up workers for ~diagnostic~: 2 --> 1"}}
[debug] [2020-09-23T04:13:16.626Z] [worker-pool] Cleaned up workers for api: 1 --> 0 {"metadata":{"emulator":{"name":"functions"},"message":"[worker-pool] Cleaned up workers for api: 1 --> 0"}}
[debug] [2020-09-23T04:13:16.668Z] [worker-pool] addWorker(~diagnostic~) {"metadata":{"emulator":{"name":"functions"},"message":"[worker-pool] addWorker(~diagnostic~)"}}
[debug] [2020-09-23T04:13:16.669Z] [worker-pool] Adding worker with key ~diagnostic~, total=2 {"metadata":{"emulator":{"name":"functions"},"message":"[worker-pool] Adding worker with key ~diagnostic~, total=2"}}
[debug] [2020-09-23T04:13:16.669Z] [worker-pool] submitWork(triggerId=) {"metadata":{"emulator":{"name":"functions"},"message":"[worker-pool] submitWork(triggerId=)"}}
[debug] [2020-09-23T04:13:16.669Z] [worker-~diagnostic~-5b915544-938d-4cfb-85e2-aa58a3ee860c]: Assigning socketPath: \\?\pipe\D:\dev\Webdev\Amazon-clone\amazon-clone\functions\26640 {"metadata":{"emulator":{"name":"functions"},"message":"[worker-~diagnostic~-5b915544-938d-4cfb-85e2-aa58a3ee860c]: Assigning socketPath: \\\\?\\pipe\\D:\\dev\\Webdev\\Amazon-clone\\amazon-clone\\functions\\26640"}}
[debug] [2020-09-23T04:13:16.669Z] [worker-~diagnostic~-5b915544-938d-4cfb-85e2-aa58a3ee860c]: BUSY {"metadata":{"emulator":{"name":"functions"},"message":"[worker-~diagnostic~-5b915544-938d-4cfb-85e2-aa58a3ee860c]: BUSY"}}
[debug] [2020-09-23T04:13:16.670Z] [worker-~diagnostic~-4de93cc7-3967-4e22-a874-172fcf37aba3]: exited {"metadata":{"emulator":{"name":"functions"},"message":"[worker-~diagnostic~-4de93cc7-3967-4e22-a874-172fcf37aba3]: exited"}}
[debug] [2020-09-23T04:13:16.670Z] [worker-~diagnostic~-4de93cc7-3967-4e22-a874-172fcf37aba3]: FINISHED {"metadata":{"emulator":{"name":"functions"},"message":"[worker-~diagnostic~-4de93cc7-3967-4e22-a874-172fcf37aba3]: FINISHED"}}
[debug] [2020-09-23T04:13:19.903Z] [runtime-status] [26640] Functions runtime initialized. {"cwd":"D:\\dev\\Webdev\\Amazon-clone\\amazon-clone\\functions","node_version":"12.18.3"} {"metadata":{"emulator":{"name":"functions"},"message":"[runtime-status] [26640] Functions runtime initialized. {\"cwd\":\"D:\\\\dev\\\\Webdev\\\\Amazon-clone\\\\amazon-clone\\\\functions\",\"node_version\":\"12.18.3\"}"}}
[debug] [2020-09-23T04:13:19.909Z] [runtime-status] [26640] Disabled runtime features: undefined {"metadata":{"emulator":{"name":"functions"},"message":"[runtime-status] [26640] Disabled runtime features: undefined"}}
[debug] [2020-09-23T04:13:19.932Z] [runtime-status] [26640] Resolved module firebase-admin {"declared":true,"installed":true,"version":"8.13.0","resolution":"D:\\dev\\Webdev\\Amazon-clone\\amazon-clone\\functions\\node_modules\\firebase-admin\\lib\\index.js"} {"metadata":{"emulator":{"name":"functions"},"message":"[runtime-status] [26640] Resolved module firebase-admin {\"declared\":true,\"installed\":true,\"version\":\"8.13.0\",\"resolution\":\"D:\\\\dev\\\\Webdev\\\\Amazon-clone\\\\amazon-clone\\\\functions\\\\node_modules\\\\firebase-admin\\\\lib\\\\index.js\"}"}}
[debug] [2020-09-23T04:13:19.946Z] [runtime-status] [26640] Resolved module firebase-functions {"declared":true,"installed":true,"version":"3.11.0","resolution":"D:\\dev\\Webdev\\Amazon-clone\\amazon-clone\\functions\\node_modules\\firebase-functions\\lib\\index.js"} {"metadata":{"emulator":{"name":"functions"},"message":"[runtime-status] [26640] Resolved module firebase-functions {\"declared\":true,\"installed\":true,\"version\":\"3.11.0\",\"resolution\":\"D:\\\\dev\\\\Webdev\\\\Amazon-clone\\\\amazon-clone\\\\functions\\\\node_modules\\\\firebase-functions\\\\lib\\\\index.js\"}"}}
[debug] [2020-09-23T04:13:19.949Z] [runtime-status] [26640] Resolved module firebase-functions {"declared":true,"installed":true,"version":"3.11.0","resolution":"D:\\dev\\Webdev\\Amazon-clone\\amazon-clone\\functions\\node_modules\\firebase-functions\\lib\\index.js"} {"metadata":{"emulator":{"name":"functions"},"message":"[runtime-status] [26640] Resolved module firebase-functions {\"declared\":true,\"installed\":true,\"version\":\"3.11.0\",\"resolution\":\"D:\\\\dev\\\\Webdev\\\\Amazon-clone\\\\amazon-clone\\\\functions\\\\node_modules\\\\firebase-functions\\\\lib\\\\index.js\"}"}}
[debug] [2020-09-23T04:13:19.951Z] [runtime-status] [26640] Outgoing network have been stubbed. [{"name":"http","status":"mocked"},{"name":"http","status":"mocked"},{"name":"https","status":"mocked"},{"name":"https","status":"mocked"},{"name":"net","status":"mocked"}] {"metadata":{"emulator":{"name":"functions"},"message":"[runtime-status] [26640] Outgoing network have been stubbed. [{\"name\":\"http\",\"status\":\"mocked\"},{\"name\":\"http\",\"status\":\"mocked\"},{\"name\":\"https\",\"status\":\"mocked\"},{\"name\":\"https\",\"status\":\"mocked\"},{\"name\":\"net\",\"status\":\"mocked\"}]"}}
[debug] [2020-09-23T04:13:19.954Z] [runtime-status] [26640] Resolved module firebase-functions {"declared":true,"installed":true,"version":"3.11.0","resolution":"D:\\dev\\Webdev\\Amazon-clone\\amazon-clone\\functions\\node_modules\\firebase-functions\\lib\\index.js"} {"metadata":{"emulator":{"name":"functions"},"message":"[runtime-status] [26640] Resolved module firebase-functions {\"declared\":true,\"installed\":true,\"version\":\"3.11.0\",\"resolution\":\"D:\\\\dev\\\\Webdev\\\\Amazon-clone\\\\amazon-clone\\\\functions\\\\node_modules\\\\firebase-functions\\\\lib\\\\index.js\"}"}}
[debug] [2020-09-23T04:13:20.152Z] [runtime-status] [26640] Checked functions.config() {"config":{}} {"metadata":{"emulator":{"name":"functions"},"message":"[runtime-status] [26640] Checked functions.config() {\"config\":{}}"}}
[debug] [2020-09-23T04:13:20.153Z] [runtime-status] [26640] firebase-functions has been stubbed. {"functionsResolution":{"declared":true,"installed":true,"version":"3.11.0","resolution":"D:\\dev\\Webdev\\Amazon-clone\\amazon-clone\\functions\\node_modules\\firebase-functions\\lib\\index.js"}} {"metadata":{"emulator":{"name":"functions"},"message":"[runtime-status] [26640] firebase-functions has been stubbed. {\"functionsResolution\":{\"declared\":true,\"installed\":true,\"version\":\"3.11.0\",\"resolution\":\"D:\\\\dev\\\\Webdev\\\\Amazon-clone\\\\amazon-clone\\\\functions\\\\node_modules\\\\firebase-functions\\\\lib\\\\index.js\"}}"}}
[debug] [2020-09-23T04:13:20.156Z] [runtime-status] [26640] Resolved module firebase-functions {"declared":true,"installed":true,"version":"3.11.0","resolution":"D:\\dev\\Webdev\\Amazon-clone\\amazon-clone\\functions\\node_modules\\firebase-functions\\lib\\index.js"} {"metadata":{"emulator":{"name":"functions"},"message":"[runtime-status] [26640] Resolved module firebase-functions {\"declared\":true,\"installed\":true,\"version\":\"3.11.0\",\"resolution\":\"D:\\\\dev\\\\Webdev\\\\Amazon-clone\\\\amazon-clone\\\\functions\\\\node_modules\\\\firebase-functions\\\\lib\\\\index.js\"}"}}
[debug] [2020-09-23T04:13:20.161Z] [runtime-status] [26640] Resolved module firebase-admin {"declared":true,"installed":true,"version":"8.13.0","resolution":"D:\\dev\\Webdev\\Amazon-clone\\amazon-clone\\functions\\node_modules\\firebase-admin\\lib\\index.js"} {"metadata":{"emulator":{"name":"functions"},"message":"[runtime-status] [26640] Resolved module firebase-admin {\"declared\":true,\"installed\":true,\"version\":\"8.13.0\",\"resolution\":\"D:\\\\dev\\\\Webdev\\\\Amazon-clone\\\\amazon-clone\\\\functions\\\\node_modules\\\\firebase-admin\\\\lib\\\\index.js\"}"}}
[debug] [2020-09-23T04:13:20.164Z] [runtime-status] [26640] Resolved module firebase-functions {"declared":true,"installed":true,"version":"3.11.0","resolution":"D:\\dev\\Webdev\\Amazon-clone\\amazon-clone\\functions\\node_modules\\firebase-functions\\lib\\index.js"} {"metadata":{"emulator":{"name":"functions"},"message":"[runtime-status] [26640] Resolved module firebase-functions {\"declared\":true,\"installed\":true,\"version\":\"3.11.0\",\"resolution\":\"D:\\\\dev\\\\Webdev\\\\Amazon-clone\\\\amazon-clone\\\\functions\\\\node_modules\\\\firebase-functions\\\\lib\\\\index.js\"}"}}
[debug] [2020-09-23T04:13:20.164Z] [runtime-status] [26640] firebase-admin has been stubbed. {"adminResolution":{"declared":true,"installed":true,"version":"8.13.0","resolution":"D:\\dev\\Webdev\\Amazon-clone\\amazon-clone\\functions\\node_modules\\firebase-admin\\lib\\index.js"}} {"metadata":{"emulator":{"name":"functions"},"message":"[runtime-status] [26640] firebase-admin has been stubbed. {\"adminResolution\":{\"declared\":true,\"installed\":true,\"version\":\"8.13.0\",\"resolution\":\"D:\\\\dev\\\\Webdev\\\\Amazon-clone\\\\amazon-clone\\\\functions\\\\node_modules\\\\firebase-admin\\\\lib\\\\index.js\"}}"}}
[debug] [2020-09-23T04:13:21.333Z] [worker-~diagnostic~-5b915544-938d-4cfb-85e2-aa58a3ee860c]: IDLE {"metadata":{"emulator":{"name":"functions"},"message":"[worker-~diagnostic~-5b915544-938d-4cfb-85e2-aa58a3ee860c]: IDLE"}}
[debug] [2020-09-23T04:14:23.385Z] File D:\dev\Webdev\Amazon-clone\amazon-clone\functions\index.js changed, reloading triggers {"metadata":{"emulator":{"name":"functions"},"message":"File D:\\dev\\Webdev\\Amazon-clone\\amazon-clone\\functions\\index.js changed, reloading triggers"}}
[debug] [2020-09-23T04:14:24.387Z] [worker-pool] Shutting down IDLE worker (~diagnostic~) {"metadata":{"emulator":{"name":"functions"},"message":"[worker-pool] Shutting down IDLE worker (~diagnostic~)"}}
[debug] [2020-09-23T04:14:24.387Z] [worker-~diagnostic~-5b915544-938d-4cfb-85e2-aa58a3ee860c]: FINISHING {"metadata":{"emulator":{"name":"functions"},"message":"[worker-~diagnostic~-5b915544-938d-4cfb-85e2-aa58a3ee860c]: FINISHING"}}
[debug] [2020-09-23T04:14:24.387Z] [worker-pool] Cleaned up workers for ~diagnostic~: 2 --> 1 {"metadata":{"emulator":{"name":"functions"},"message":"[worker-pool] Cleaned up workers for ~diagnostic~: 2 --> 1"}}
[debug] [2020-09-23T04:14:24.409Z] [worker-pool] addWorker(~diagnostic~) {"metadata":{"emulator":{"name":"functions"},"message":"[worker-pool] addWorker(~diagnostic~)"}}
[debug] [2020-09-23T04:14:24.409Z] [worker-pool] Adding worker with key ~diagnostic~, total=2 {"metadata":{"emulator":{"name":"functions"},"message":"[worker-pool] Adding worker with key ~diagnostic~, total=2"}}
[debug] [2020-09-23T04:14:24.409Z] [worker-pool] submitWork(triggerId=) {"metadata":{"emulator":{"name":"functions"},"message":"[worker-pool] submitWork(triggerId=)"}}
[debug] [2020-09-23T04:14:24.410Z] [worker-~diagnostic~-a7dea092-3925-4064-bac3-e382f1bb2408]: Assigning socketPath: \\?\pipe\D:\dev\Webdev\Amazon-clone\amazon-clone\functions\22292 {"metadata":{"emulator":{"name":"functions"},"message":"[worker-~diagnostic~-a7dea092-3925-4064-bac3-e382f1bb2408]: Assigning socketPath: \\\\?\\pipe\\D:\\dev\\Webdev\\Amazon-clone\\amazon-clone\\functions\\22292"}}
[debug] [2020-09-23T04:14:24.410Z] [worker-~diagnostic~-a7dea092-3925-4064-bac3-e382f1bb2408]: BUSY {"metadata":{"emulator":{"name":"functions"},"message":"[worker-~diagnostic~-a7dea092-3925-4064-bac3-e382f1bb2408]: BUSY"}}
[debug] [2020-09-23T04:14:24.411Z] [worker-~diagnostic~-5b915544-938d-4cfb-85e2-aa58a3ee860c]: exited {"metadata":{"emulator":{"name":"functions"},"message":"[worker-~diagnostic~-5b915544-938d-4cfb-85e2-aa58a3ee860c]: exited"}}
[debug] [2020-09-23T04:14:24.411Z] [worker-~diagnostic~-5b915544-938d-4cfb-85e2-aa58a3ee860c]: FINISHED {"metadata":{"emulator":{"name":"functions"},"message":"[worker-~diagnostic~-5b915544-938d-4cfb-85e2-aa58a3ee860c]: FINISHED"}}
[debug] [2020-09-23T04:14:27.210Z] [runtime-status] [22292] Functions runtime initialized. {"cwd":"D:\\dev\\Webdev\\Amazon-clone\\amazon-clone\\functions","node_version":"12.18.3"} {"metadata":{"emulator":{"name":"functions"},"message":"[runtime-status] [22292] Functions runtime initialized. {\"cwd\":\"D:\\\\dev\\\\Webdev\\\\Amazon-clone\\\\amazon-clone\\\\functions\",\"node_version\":\"12.18.3\"}"}}
[debug] [2020-09-23T04:14:27.213Z] [runtime-status] [22292] Disabled runtime features: undefined {"metadata":{"emulator":{"name":"functions"},"message":"[runtime-status] [22292] Disabled runtime features: undefined"}}
[debug] [2020-09-23T04:14:27.242Z] [runtime-status] [22292] Resolved module firebase-admin {"declared":true,"installed":true,"version":"8.13.0","resolution":"D:\\dev\\Webdev\\Amazon-clone\\amazon-clone\\functions\\node_modules\\firebase-admin\\lib\\index.js"} {"metadata":{"emulator":{"name":"functions"},"message":"[runtime-status] [22292] Resolved module firebase-admin {\"declared\":true,\"installed\":true,\"version\":\"8.13.0\",\"resolution\":\"D:\\\\dev\\\\Webdev\\\\Amazon-clone\\\\amazon-clone\\\\functions\\\\node_modules\\\\firebase-admin\\\\lib\\\\index.js\"}"}}
[debug] [2020-09-23T04:14:27.255Z] [runtime-status] [22292] Resolved module firebase-functions {"declared":true,"installed":true,"version":"3.11.0","resolution":"D:\\dev\\Webdev\\Amazon-clone\\amazon-clone\\functions\\node_modules\\firebase-functions\\lib\\index.js"} {"metadata":{"emulator":{"name":"functions"},"message":"[runtime-status] [22292] Resolved module firebase-functions {\"declared\":true,\"installed\":true,\"version\":\"3.11.0\",\"resolution\":\"D:\\\\dev\\\\Webdev\\\\Amazon-clone\\\\amazon-clone\\\\functions\\\\node_modules\\\\firebase-functions\\\\lib\\\\index.js\"}"}}
[debug] [2020-09-23T04:14:27.260Z] [runtime-status] [22292] Resolved module firebase-functions {"declared":true,"installed":true,"version":"3.11.0","resolution":"D:\\dev\\Webdev\\Amazon-clone\\amazon-clone\\functions\\node_modules\\firebase-functions\\lib\\index.js"} {"metadata":{"emulator":{"name":"functions"},"message":"[runtime-status] [22292] Resolved module firebase-functions {\"declared\":true,\"installed\":true,\"version\":\"3.11.0\",\"resolution\":\"D:\\\\dev\\\\Webdev\\\\Amazon-clone\\\\amazon-clone\\\\functions\\\\node_modules\\\\firebase-functions\\\\lib\\\\index.js\"}"}}
[debug] [2020-09-23T04:14:27.264Z] [runtime-status] [22292] Outgoing network have been stubbed. [{"name":"http","status":"mocked"},{"name":"http","status":"mocked"},{"name":"https","status":"mocked"},{"name":"https","status":"mocked"},{"name":"net","status":"mocked"}] {"metadata":{"emulator":{"name":"functions"},"message":"[runtime-status] [22292] Outgoing network have been stubbed. [{\"name\":\"http\",\"status\":\"mocked\"},{\"name\":\"http\",\"status\":\"mocked\"},{\"name\":\"https\",\"status\":\"mocked\"},{\"name\":\"https\",\"status\":\"mocked\"},{\"name\":\"net\",\"status\":\"mocked\"}]"}}
[debug] [2020-09-23T04:14:27.267Z] [runtime-status] [22292] Resolved module firebase-functions {"declared":true,"installed":true,"version":"3.11.0","resolution":"D:\\dev\\Webdev\\Amazon-clone\\amazon-clone\\functions\\node_modules\\firebase-functions\\lib\\index.js"} {"metadata":{"emulator":{"name":"functions"},"message":"[runtime-status] [22292] Resolved module firebase-functions {\"declared\":true,\"installed\":true,\"version\":\"3.11.0\",\"resolution\":\"D:\\\\dev\\\\Webdev\\\\Amazon-clone\\\\amazon-clone\\\\functions\\\\node_modules\\\\firebase-functions\\\\lib\\\\index.js\"}"}}
[debug] [2020-09-23T04:14:27.533Z] [runtime-status] [22292] Checked functions.config() {"config":{}} {"metadata":{"emulator":{"name":"functions"},"message":"[runtime-status] [22292] Checked functions.config() {\"config\":{}}"}}
[debug] [2020-09-23T04:14:27.534Z] [runtime-status] [22292] firebase-functions has been stubbed. {"functionsResolution":{"declared":true,"installed":true,"version":"3.11.0","resolution":"D:\\dev\\Webdev\\Amazon-clone\\amazon-clone\\functions\\node_modules\\firebase-functions\\lib\\index.js"}} {"metadata":{"emulator":{"name":"functions"},"message":"[runtime-status] [22292] firebase-functions has been stubbed. {\"functionsResolution\":{\"declared\":true,\"installed\":true,\"version\":\"3.11.0\",\"resolution\":\"D:\\\\dev\\\\Webdev\\\\Amazon-clone\\\\amazon-clone\\\\functions\\\\node_modules\\\\firebase-functions\\\\lib\\\\index.js\"}}"}}
[debug] [2020-09-23T04:14:27.537Z] [runtime-status] [22292] Resolved module firebase-functions {"declared":true,"installed":true,"version":"3.11.0","resolution":"D:\\dev\\Webdev\\Amazon-clone\\amazon-clone\\functions\\node_modules\\firebase-functions\\lib\\index.js"} {"metadata":{"emulator":{"name":"functions"},"message":"[runtime-status] [22292] Resolved module firebase-functions {\"declared\":true,\"installed\":true,\"version\":\"3.11.0\",\"resolution\":\"D:\\\\dev\\\\Webdev\\\\Amazon-clone\\\\amazon-clone\\\\functions\\\\node_modules\\\\firebase-functions\\\\lib\\\\index.js\"}"}}
[debug] [2020-09-23T04:14:27.544Z] [runtime-status] [22292] Resolved module firebase-admin {"declared":true,"installed":true,"version":"8.13.0","resolution":"D:\\dev\\Webdev\\Amazon-clone\\amazon-clone\\functions\\node_modules\\firebase-admin\\lib\\index.js"} {"metadata":{"emulator":{"name":"functions"},"message":"[runtime-status] [22292] Resolved module firebase-admin {\"declared\":true,\"installed\":true,\"version\":\"8.13.0\",\"resolution\":\"D:\\\\dev\\\\Webdev\\\\Amazon-clone\\\\amazon-clone\\\\functions\\\\node_modules\\\\firebase-admin\\\\lib\\\\index.js\"}"}}
[debug] [2020-09-23T04:14:27.548Z] [runtime-status] [22292] Resolved module firebase-functions {"declared":true,"installed":true,"version":"3.11.0","resolution":"D:\\dev\\Webdev\\Amazon-clone\\amazon-clone\\functions\\node_modules\\firebase-functions\\lib\\index.js"} {"metadata":{"emulator":{"name":"functions"},"message":"[runtime-status] [22292] Resolved module firebase-functions {\"declared\":true,\"installed\":true,\"version\":\"3.11.0\",\"resolution\":\"D:\\\\dev\\\\Webdev\\\\Amazon-clone\\\\amazon-clone\\\\functions\\\\node_modules\\\\firebase-functions\\\\lib\\\\index.js\"}"}}
[debug] [2020-09-23T04:14:27.548Z] [runtime-status] [22292] firebase-admin has been stubbed. {"adminResolution":{"declared":true,"installed":true,"version":"8.13.0","resolution":"D:\\dev\\Webdev\\Amazon-clone\\amazon-clone\\functions\\node_modules\\firebase-admin\\lib\\index.js"}} {"metadata":{"emulator":{"name":"functions"},"message":"[runtime-status] [22292] firebase-admin has been stubbed. {\"adminResolution\":{\"declared\":true,\"installed\":true,\"version\":\"8.13.0\",\"resolution\":\"D:\\\\dev\\\\Webdev\\\\Amazon-clone\\\\amazon-clone\\\\functions\\\\node_modules\\\\firebase-admin\\\\lib\\\\index.js\"}}"}}
[debug] [2020-09-23T04:14:29.555Z] [worker-~diagnostic~-a7dea092-3925-4064-bac3-e382f1bb2408]: IDLE {"metadata":{"emulator":{"name":"functions"},"message":"[worker-~diagnostic~-a7dea092-3925-4064-bac3-e382f1bb2408]: IDLE"}}
[debug] [2020-09-23T04:16:13.022Z] File D:\dev\Webdev\Amazon-clone\amazon-clone\functions\index.js changed, reloading triggers {"metadata":{"emulator":{"name":"functions"},"message":"File D:\\dev\\Webdev\\Amazon-clone\\amazon-clone\\functions\\index.js changed, reloading triggers"}}
[debug] [2020-09-23T04:16:14.024Z] [worker-pool] Shutting down IDLE worker (~diagnostic~) {"metadata":{"emulator":{"name":"functions"},"message":"[worker-pool] Shutting down IDLE worker (~diagnostic~)"}}
[debug] [2020-09-23T04:16:14.024Z] [worker-~diagnostic~-a7dea092-3925-4064-bac3-e382f1bb2408]: FINISHING {"metadata":{"emulator":{"name":"functions"},"message":"[worker-~diagnostic~-a7dea092-3925-4064-bac3-e382f1bb2408]: FINISHING"}}
[debug] [2020-09-23T04:16:14.025Z] [worker-pool] Cleaned up workers for ~diagnostic~: 2 --> 1 {"metadata":{"emulator":{"name":"functions"},"message":"[worker-pool] Cleaned up workers for ~diagnostic~: 2 --> 1"}}
[debug] [2020-09-23T04:16:14.044Z] [worker-pool] addWorker(~diagnostic~) {"metadata":{"emulator":{"name":"functions"},"message":"[worker-pool] addWorker(~diagnostic~)"}}
[debug] [2020-09-23T04:16:14.045Z] [worker-pool] Adding worker with key ~diagnostic~, total=2 {"metadata":{"emulator":{"name":"functions"},"message":"[worker-pool] Adding worker with key ~diagnostic~, total=2"}}
[debug] [2020-09-23T04:16:14.045Z] [worker-pool] submitWork(triggerId=) {"metadata":{"emulator":{"name":"functions"},"message":"[worker-pool] submitWork(triggerId=)"}}
[debug] [2020-09-23T04:16:14.045Z] [worker-~diagnostic~-b3e85ef9-1017-426e-b3b4-107f7d4f444d]: Assigning socketPath: \\?\pipe\D:\dev\Webdev\Amazon-clone\amazon-clone\functions\14372 {"metadata":{"emulator":{"name":"functions"},"message":"[worker-~diagnostic~-b3e85ef9-1017-426e-b3b4-107f7d4f444d]: Assigning socketPath: \\\\?\\pipe\\D:\\dev\\Webdev\\Amazon-clone\\amazon-clone\\functions\\14372"}}
[debug] [2020-09-23T04:16:14.045Z] [worker-~diagnostic~-b3e85ef9-1017-426e-b3b4-107f7d4f444d]: BUSY {"metadata":{"emulator":{"name":"functions"},"message":"[worker-~diagnostic~-b3e85ef9-1017-426e-b3b4-107f7d4f444d]: BUSY"}}
[debug] [2020-09-23T04:16:14.046Z] [worker-~diagnostic~-a7dea092-3925-4064-bac3-e382f1bb2408]: exited {"metadata":{"emulator":{"name":"functions"},"message":"[worker-~diagnostic~-a7dea092-3925-4064-bac3-e382f1bb2408]: exited"}}
[debug] [2020-09-23T04:16:14.046Z] [worker-~diagnostic~-a7dea092-3925-4064-bac3-e382f1bb2408]: FINISHED {"metadata":{"emulator":{"name":"functions"},"message":"[worker-~diagnostic~-a7dea092-3925-4064-bac3-e382f1bb2408]: FINISHED"}}
[debug] [2020-09-23T04:16:16.924Z] [runtime-status] [14372] Functions runtime initialized. {"cwd":"D:\\dev\\Webdev\\Amazon-clone\\amazon-clone\\functions","node_version":"12.18.3"} {"metadata":{"emulator":{"name":"functions"},"message":"[runtime-status] [14372] Functions runtime initialized. {\"cwd\":\"D:\\\\dev\\\\Webdev\\\\Amazon-clone\\\\amazon-clone\\\\functions\",\"node_version\":\"12.18.3\"}"}}
[debug] [2020-09-23T04:16:16.934Z] [runtime-status] [14372] Disabled runtime features: undefined {"metadata":{"emulator":{"name":"functions"},"message":"[runtime-status] [14372] Disabled runtime features: undefined"}}
[debug] [2020-09-23T04:16:16.961Z] [runtime-status] [14372] Resolved module firebase-admin {"declared":true,"installed":true,"version":"8.13.0","resolution":"D:\\dev\\Webdev\\Amazon-clone\\amazon-clone\\functions\\node_modules\\firebase-admin\\lib\\index.js"} {"metadata":{"emulator":{"name":"functions"},"message":"[runtime-status] [14372] Resolved module firebase-admin {\"declared\":true,\"installed\":true,\"version\":\"8.13.0\",\"resolution\":\"D:\\\\dev\\\\Webdev\\\\Amazon-clone\\\\amazon-clone\\\\functions\\\\node_modules\\\\firebase-admin\\\\lib\\\\index.js\"}"}}
[debug] [2020-09-23T04:16:16.971Z] [runtime-status] [14372] Resolved module firebase-functions {"declared":true,"installed":true,"version":"3.11.0","resolution":"D:\\dev\\Webdev\\Amazon-clone\\amazon-clone\\functions\\node_modules\\firebase-functions\\lib\\index.js"} {"metadata":{"emulator":{"name":"functions"},"message":"[runtime-status] [14372] Resolved module firebase-functions {\"declared\":true,\"installed\":true,\"version\":\"3.11.0\",\"resolution\":\"D:\\\\dev\\\\Webdev\\\\Amazon-clone\\\\amazon-clone\\\\functions\\\\node_modules\\\\firebase-functions\\\\lib\\\\index.js\"}"}}
[debug] [2020-09-23T04:16:16.975Z] [runtime-status] [14372] Resolved module firebase-functions {"declared":true,"installed":true,"version":"3.11.0","resolution":"D:\\dev\\Webdev\\Amazon-clone\\amazon-clone\\functions\\node_modules\\firebase-functions\\lib\\index.js"} {"metadata":{"emulator":{"name":"functions"},"message":"[runtime-status] [14372] Resolved module firebase-functions {\"declared\":true,\"installed\":true,\"version\":\"3.11.0\",\"resolution\":\"D:\\\\dev\\\\Webdev\\\\Amazon-clone\\\\amazon-clone\\\\functions\\\\node_modules\\\\firebase-functions\\\\lib\\\\index.js\"}"}}
[debug] [2020-09-23T04:16:16.978Z] [runtime-status] [14372] Outgoing network have been stubbed. [{"name":"http","status":"mocked"},{"name":"http","status":"mocked"},{"name":"https","status":"mocked"},{"name":"https","status":"mocked"},{"name":"net","status":"mocked"}] {"metadata":{"emulator":{"name":"functions"},"message":"[runtime-status] [14372] Outgoing network have been stubbed. [{\"name\":\"http\",\"status\":\"mocked\"},{\"name\":\"http\",\"status\":\"mocked\"},{\"name\":\"https\",\"status\":\"mocked\"},{\"name\":\"https\",\"status\":\"mocked\"},{\"name\":\"net\",\"status\":\"mocked\"}]"}}
[debug] [2020-09-23T04:16:16.980Z] [runtime-status] [14372] Resolved module firebase-functions {"declared":true,"installed":true,"version":"3.11.0","resolution":"D:\\dev\\Webdev\\Amazon-clone\\amazon-clone\\functions\\node_modules\\firebase-functions\\lib\\index.js"} {"metadata":{"emulator":{"name":"functions"},"message":"[runtime-status] [14372] Resolved module firebase-functions {\"declared\":true,\"installed\":true,\"version\":\"3.11.0\",\"resolution\":\"D:\\\\dev\\\\Webdev\\\\Amazon-clone\\\\amazon-clone\\\\functions\\\\node_modules\\\\firebase-functions\\\\lib\\\\index.js\"}"}}
[debug] [2020-09-23T04:16:17.178Z] [runtime-status] [14372] Checked functions.config() {"config":{}} {"metadata":{"emulator":{"name":"functions"},"message":"[runtime-status] [14372] Checked functions.config() {\"config\":{}}"}}
[debug] [2020-09-23T04:16:17.179Z] [runtime-status] [14372] firebase-functions has been stubbed. {"functionsResolution":{"declared":true,"installed":true,"version":"3.11.0","resolution":"D:\\dev\\Webdev\\Amazon-clone\\amazon-clone\\functions\\node_modules\\firebase-functions\\lib\\index.js"}} {"metadata":{"emulator":{"name":"functions"},"message":"[runtime-status] [14372] firebase-functions has been stubbed. {\"functionsResolution\":{\"declared\":true,\"installed\":true,\"version\":\"3.11.0\",\"resolution\":\"D:\\\\dev\\\\Webdev\\\\Amazon-clone\\\\amazon-clone\\\\functions\\\\node_modules\\\\firebase-functions\\\\lib\\\\index.js\"}}"}}
[debug] [2020-09-23T04:16:17.181Z] [runtime-status] [14372] Resolved module firebase-functions {"declared":true,"installed":true,"version":"3.11.0","resolution":"D:\\dev\\Webdev\\Amazon-clone\\amazon-clone\\functions\\node_modules\\firebase-functions\\lib\\index.js"} {"metadata":{"emulator":{"name":"functions"},"message":"[runtime-status] [14372] Resolved module firebase-functions {\"declared\":true,\"installed\":true,\"version\":\"3.11.0\",\"resolution\":\"D:\\\\dev\\\\Webdev\\\\Amazon-clone\\\\amazon-clone\\\\functions\\\\node_modules\\\\firebase-functions\\\\lib\\\\index.js\"}"}}
[debug] [2020-09-23T04:16:17.186Z] [runtime-status] [14372] Resolved module firebase-admin {"declared":true,"installed":true,"version":"8.13.0","resolution":"D:\\dev\\Webdev\\Amazon-clone\\amazon-clone\\functions\\node_modules\\firebase-admin\\lib\\index.js"} {"metadata":{"emulator":{"name":"functions"},"message":"[runtime-status] [14372] Resolved module firebase-admin {\"declared\":true,\"installed\":true,\"version\":\"8.13.0\",\"resolution\":\"D:\\\\dev\\\\Webdev\\\\Amazon-clone\\\\amazon-clone\\\\functions\\\\node_modules\\\\firebase-admin\\\\lib\\\\index.js\"}"}}
[debug] [2020-09-23T04:16:17.189Z] [runtime-status] [14372] Resolved module firebase-functions {"declared":true,"installed":true,"version":"3.11.0","resolution":"D:\\dev\\Webdev\\Amazon-clone\\amazon-clone\\functions\\node_modules\\firebase-functions\\lib\\index.js"} {"metadata":{"emulator":{"name":"functions"},"message":"[runtime-status] [14372] Resolved module firebase-functions {\"declared\":true,\"installed\":true,\"version\":\"3.11.0\",\"resolution\":\"D:\\\\dev\\\\Webdev\\\\Amazon-clone\\\\amazon-clone\\\\functions\\\\node_modules\\\\firebase-functions\\\\lib\\\\index.js\"}"}}
[debug] [2020-09-23T04:16:17.189Z] [runtime-status] [14372] firebase-admin has been stubbed. {"adminResolution":{"declared":true,"installed":true,"version":"8.13.0","resolution":"D:\\dev\\Webdev\\Amazon-clone\\amazon-clone\\functions\\node_modules\\firebase-admin\\lib\\index.js"}} {"metadata":{"emulator":{"name":"functions"},"message":"[runtime-status] [14372] firebase-admin has been stubbed. {\"adminResolution\":{\"declared\":true,\"installed\":true,\"version\":\"8.13.0\",\"resolution\":\"D:\\\\dev\\\\Webdev\\\\Amazon-clone\\\\amazon-clone\\\\functions\\\\node_modules\\\\firebase-admin\\\\lib\\\\index.js\"}}"}}
[debug] [2020-09-23T04:16:18.427Z] [worker-~diagnostic~-b3e85ef9-1017-426e-b3b4-107f7d4f444d]: IDLE {"metadata":{"emulator":{"name":"functions"},"message":"[worker-~diagnostic~-b3e85ef9-1017-426e-b3b4-107f7d4f444d]: IDLE"}}
[debug] [2020-09-23T04:17:00.763Z] File D:\dev\Webdev\Amazon-clone\amazon-clone\functions\index.js changed, reloading triggers {"metadata":{"emulator":{"name":"functions"},"message":"File D:\\dev\\Webdev\\Amazon-clone\\amazon-clone\\functions\\index.js changed, reloading triggers"}}
